2010-05-04 16:29:48-0500 [-] Log opened.
2010-05-04 16:29:48-0500 [-] twistd 10.0.0 (/usr/bin/python 2.6.5) starting up.
2010-05-04 16:29:48-0500 [-] reactor class: twisted.internet.selectreactor.SelectReactor.
2010-05-04 16:29:48-0500 [-] twisted.web.server.Site starting on 1337
2010-05-04 16:29:48-0500 [-] Starting factory <twisted.web.server.Site instance at 0xb7559fec>
2010-05-04 16:32:57-0500 [-] Received SIGTERM, shutting down.
2010-05-04 16:32:57-0500 [-] (Port 1337 Closed)
2010-05-04 16:32:57-0500 [-] Stopping factory <twisted.web.server.Site instance at 0xb7559fec>
2010-05-04 16:32:57-0500 [-] Main loop terminated.
2010-05-04 16:32:57-0500 [-] Server Shut Down.
2010-05-04 16:33:11-0500 [-] Log opened.
2010-05-04 16:33:11-0500 [-] twistd 10.0.0 (/usr/bin/python 2.6.5) starting up.
2010-05-04 16:33:11-0500 [-] reactor class: twisted.internet.selectreactor.SelectReactor.
2010-05-04 16:33:11-0500 [-] twisted.web.server.Site starting on 1337
2010-05-04 16:33:11-0500 [-] Starting factory <twisted.web.server.Site instance at 0xb74d4fec>
2010-05-04 16:34:28-0500 [-] Received SIGTERM, shutting down.
2010-05-04 16:34:28-0500 [-] (Port 1337 Closed)
2010-05-04 16:34:28-0500 [-] Stopping factory <twisted.web.server.Site instance at 0xb74d4fec>
2010-05-04 16:34:28-0500 [-] Main loop terminated.
2010-05-04 16:34:28-0500 [-] Server Shut Down.
fd
